<?xml version="1.0" encoding="UTF-8"?>
<!-- Generated by org.testng.reporters.JUnitXMLReporter -->
<testsuite ignored="0" hostname="AJAYKUMAR" failures="0" tests="3" name="RegressionOnChrome" time="5.266" errors="0" timestamp="03 May 2023 16:04:59 GMT">
  <testcase classname="com.test.advance.CaptureScreenShotTest" name="captureScreenshot" time="1.087"/>
  <testcase classname="com.test.advance.ReadingCSSFromDOMTest" name="getTheProductTitleCSSProperties" time="0.832"/>
  <testcase classname="com.test.advance.RunJSinSelenium" name="runJsinSelenium" time="0.646"/>
</testsuite> <!-- RegressionOnChrome -->
