<?xml version="1.0" encoding="UTF-8"?>
<!-- Generated by org.testng.reporters.JUnitXMLReporter -->
<testsuite ignored="0" hostname="AJAYKUMAR" failures="0" tests="2" name="Regression" time="0.028" errors="0" timestamp="02 May 2023 19:25:17 GMT">
  <testcase classname="com.BaseClass.BaseClass" name="@BeforeTest beforeTest" time="0.011">
    <failure type="java.lang.RuntimeException" message="Does not support browser - chrome">
      <![CDATA[java.lang.RuntimeException: Does not support browser - chrome
at com.BaseClass.BaseClass.beforeTest(BaseClass.java:32)
... Removed 24 stack frames]]>
    </failure>
  </testcase> <!-- @BeforeTest beforeTest -->
  <testcase classname="com.BaseClass.BaseClass" name="@AfterTest afterTest" time="0.0">
    <skipped/>
  </testcase> <!-- @AfterTest afterTest -->
  <testcase classname="com.tests.ReadingCSSFromDOM" name="LaunchingURL" time="0.0">
    <skipped/>
  </testcase> <!-- LaunchingURL -->
  <testcase classname="com.tests.ReadingCSSFromDOM" name="Login" time="0.0">
    <skipped/>
  </testcase> <!-- Login -->
</testsuite> <!-- Regression -->
