<?xml version="1.0" encoding="UTF-8"?>
<!-- Generated by org.testng.reporters.JUnitXMLReporter -->
<testsuite ignored="0" hostname="AJAYKUMAR" failures="0" tests="3" name="RegressionOnFirefox" time="10.458" errors="0" timestamp="03 May 2023 16:05:09 GMT">
  <testcase classname="com.test.advance.CaptureScreenShotTest" name="captureScreenshot" time="1.139"/>
  <testcase classname="com.test.advance.ReadingCSSFromDOMTest" name="getTheProductTitleCSSProperties" time="1.006"/>
  <testcase classname="com.test.advance.RunJSinSelenium" name="runJsinSelenium" time="1.003"/>
</testsuite> <!-- RegressionOnFirefox -->
