<?xml version="1.0" encoding="UTF-8"?>
<testng-results ignored="0" total="6" passed="6" failed="0" skipped="0">
  <reporter-output>
  </reporter-output>
  <suite started-at="2023-05-03T16:04:54Z" name="CorssBrowserTesting" finished-at="2023-05-03T16:05:09Z" duration-ms="15735">
    <groups>
    </groups>
    <test started-at="2023-05-03T16:04:54Z" name="RegressionOnChrome" finished-at="2023-05-03T16:04:59Z" duration-ms="5266">
      <class name="com.test.advance.RunJSinSelenium">
        <test-method is-config="true" signature="beforeTest(java.lang.String)[pri:0, instance:com.test.advance.RunJSinSelenium@2898ac89]" started-at="2023-05-03T16:04:58Z" name="beforeTest" finished-at="2023-05-03T16:04:58Z" duration-ms="642" status="PASS">
          <params>
            <param index="0">
              <value>
                <![CDATA[chrome]]>
              </value>
            </param>
          </params>
          <reporter-output>
          </reporter-output>
        </test-method> <!-- beforeTest -->
        <test-method signature="runJsinSelenium()[pri:0, instance:com.test.advance.RunJSinSelenium@2898ac89]" started-at="2023-05-03T16:04:58Z" name="runJsinSelenium" finished-at="2023-05-03T16:04:59Z" duration-ms="646" status="PASS">
          <reporter-output>
          </reporter-output>
        </test-method> <!-- runJsinSelenium -->
        <test-method is-config="true" signature="afterTest()[pri:0, instance:com.test.advance.RunJSinSelenium@2898ac89]" started-at="2023-05-03T16:04:59Z" name="afterTest" finished-at="2023-05-03T16:04:59Z" duration-ms="67" status="PASS">
          <reporter-output>
          </reporter-output>
        </test-method> <!-- afterTest -->
      </class> <!-- com.test.advance.RunJSinSelenium -->
      <class name="com.test.advance.ReadingCSSFromDOMTest">
        <test-method is-config="true" signature="beforeTest(java.lang.String)[pri:0, instance:com.test.advance.ReadingCSSFromDOMTest@6e509ffa]" started-at="2023-05-03T16:04:56Z" name="beforeTest" finished-at="2023-05-03T16:04:57Z" duration-ms="662" status="PASS">
          <params>
            <param index="0">
              <value>
                <![CDATA[chrome]]>
              </value>
            </param>
          </params>
          <reporter-output>
          </reporter-output>
        </test-method> <!-- beforeTest -->
        <test-method signature="getTheProductTitleCSSProperties()[pri:0, instance:com.test.advance.ReadingCSSFromDOMTest@6e509ffa]" started-at="2023-05-03T16:04:57Z" name="getTheProductTitleCSSProperties" finished-at="2023-05-03T16:04:58Z" duration-ms="832" status="PASS">
          <reporter-output>
          </reporter-output>
        </test-method> <!-- getTheProductTitleCSSProperties -->
        <test-method is-config="true" signature="afterTest()[pri:0, instance:com.test.advance.ReadingCSSFromDOMTest@6e509ffa]" started-at="2023-05-03T16:04:58Z" name="afterTest" finished-at="2023-05-03T16:04:58Z" duration-ms="73" status="PASS">
          <reporter-output>
          </reporter-output>
        </test-method> <!-- afterTest -->
      </class> <!-- com.test.advance.ReadingCSSFromDOMTest -->
      <class name="com.test.advance.CaptureScreenShotTest">
        <test-method is-config="true" signature="beforeTest(java.lang.String)[pri:0, instance:com.test.advance.CaptureScreenShotTest@d21a74c]" started-at="2023-05-03T16:04:54Z" name="beforeTest" finished-at="2023-05-03T16:04:55Z" duration-ms="1170" status="PASS">
          <params>
            <param index="0">
              <value>
                <![CDATA[chrome]]>
              </value>
            </param>
          </params>
          <reporter-output>
          </reporter-output>
        </test-method> <!-- beforeTest -->
        <test-method signature="captureScreenshot()[pri:0, instance:com.test.advance.CaptureScreenShotTest@d21a74c]" started-at="2023-05-03T16:04:55Z" name="captureScreenshot" finished-at="2023-05-03T16:04:56Z" duration-ms="1087" status="PASS">
          <reporter-output>
          </reporter-output>
        </test-method> <!-- captureScreenshot -->
        <test-method is-config="true" signature="afterTest()[pri:0, instance:com.test.advance.CaptureScreenShotTest@d21a74c]" started-at="2023-05-03T16:04:56Z" name="afterTest" finished-at="2023-05-03T16:04:56Z" duration-ms="68" status="PASS">
          <reporter-output>
          </reporter-output>
        </test-method> <!-- afterTest -->
      </class> <!-- com.test.advance.CaptureScreenShotTest -->
    </test> <!-- RegressionOnChrome -->
    <test started-at="2023-05-03T16:04:59Z" name="RegressionOnFirefox" finished-at="2023-05-03T16:05:09Z" duration-ms="10458">
      <class name="com.test.advance.RunJSinSelenium">
        <test-method is-config="true" signature="beforeTest(java.lang.String)[pri:0, instance:com.test.advance.RunJSinSelenium@1d8bd0de]" started-at="2023-05-03T16:05:06Z" name="beforeTest" finished-at="2023-05-03T16:05:08Z" duration-ms="1638" status="PASS">
          <params>
            <param index="0">
              <value>
                <![CDATA[firefox]]>
              </value>
            </param>
          </params>
          <reporter-output>
          </reporter-output>
        </test-method> <!-- beforeTest -->
        <test-method signature="runJsinSelenium()[pri:0, instance:com.test.advance.RunJSinSelenium@1d8bd0de]" started-at="2023-05-03T16:05:08Z" name="runJsinSelenium" finished-at="2023-05-03T16:05:09Z" duration-ms="1003" status="PASS">
          <reporter-output>
          </reporter-output>
        </test-method> <!-- runJsinSelenium -->
        <test-method is-config="true" signature="afterTest()[pri:0, instance:com.test.advance.RunJSinSelenium@1d8bd0de]" started-at="2023-05-03T16:05:09Z" name="afterTest" finished-at="2023-05-03T16:05:09Z" duration-ms="811" status="PASS">
          <reporter-output>
          </reporter-output>
        </test-method> <!-- afterTest -->
      </class> <!-- com.test.advance.RunJSinSelenium -->
      <class name="com.test.advance.ReadingCSSFromDOMTest">
        <test-method is-config="true" signature="beforeTest(java.lang.String)[pri:0, instance:com.test.advance.ReadingCSSFromDOMTest@186f8716]" started-at="2023-05-03T16:05:02Z" name="beforeTest" finished-at="2023-05-03T16:05:04Z" duration-ms="1670" status="PASS">
          <params>
            <param index="0">
              <value>
                <![CDATA[firefox]]>
              </value>
            </param>
          </params>
          <reporter-output>
          </reporter-output>
        </test-method> <!-- beforeTest -->
        <test-method signature="getTheProductTitleCSSProperties()[pri:0, instance:com.test.advance.ReadingCSSFromDOMTest@186f8716]" started-at="2023-05-03T16:05:04Z" name="getTheProductTitleCSSProperties" finished-at="2023-05-03T16:05:05Z" duration-ms="1006" status="PASS">
          <reporter-output>
          </reporter-output>
        </test-method> <!-- getTheProductTitleCSSProperties -->
        <test-method is-config="true" signature="afterTest()[pri:0, instance:com.test.advance.ReadingCSSFromDOMTest@186f8716]" started-at="2023-05-03T16:05:05Z" name="afterTest" finished-at="2023-05-03T16:05:06Z" duration-ms="818" status="PASS">
          <reporter-output>
          </reporter-output>
        </test-method> <!-- afterTest -->
      </class> <!-- com.test.advance.ReadingCSSFromDOMTest -->
      <class name="com.test.advance.CaptureScreenShotTest">
        <test-method is-config="true" signature="beforeTest(java.lang.String)[pri:0, instance:com.test.advance.CaptureScreenShotTest@5ab9e72c]" started-at="2023-05-03T16:04:59Z" name="beforeTest" finished-at="2023-05-03T16:05:01Z" duration-ms="1884" status="PASS">
          <params>
            <param index="0">
              <value>
                <![CDATA[firefox]]>
              </value>
            </param>
          </params>
          <reporter-output>
          </reporter-output>
        </test-method> <!-- beforeTest -->
        <test-method signature="captureScreenshot()[pri:0, instance:com.test.advance.CaptureScreenShotTest@5ab9e72c]" started-at="2023-05-03T16:05:01Z" name="captureScreenshot" finished-at="2023-05-03T16:05:02Z" duration-ms="1139" status="PASS">
          <reporter-output>
          </reporter-output>
        </test-method> <!-- captureScreenshot -->
        <test-method is-config="true" signature="afterTest()[pri:0, instance:com.test.advance.CaptureScreenShotTest@5ab9e72c]" started-at="2023-05-03T16:05:02Z" name="afterTest" finished-at="2023-05-03T16:05:02Z" duration-ms="486" status="PASS">
          <reporter-output>
          </reporter-output>
        </test-method> <!-- afterTest -->
      </class> <!-- com.test.advance.CaptureScreenShotTest -->
    </test> <!-- RegressionOnFirefox -->
  </suite> <!-- CorssBrowserTesting -->
</testng-results>
